[2022-10-18 11:04:40,030] multiqc                                            [DEBUG  ]  This is MultiQC v1.12 (b264f5c)
[2022-10-18 11:04:40,030] multiqc                                            [DEBUG  ]  No MultiQC config found: /Users/loictalignani/snakemake-models/shave2/.snakemake/conda/6ce6d4ff60ab104fb5c41a6293cac866/lib/python3.10/site-packages/multiqc_config.yaml
[2022-10-18 11:04:40,030] multiqc                                            [DEBUG  ]  No MultiQC config found: /Users/loictalignani/.multiqc_config.yaml
[2022-10-18 11:04:40,030] multiqc                                            [DEBUG  ]  No MultiQC config found: multiqc_config.yaml
[2022-10-18 11:04:40,030] multiqc                                            [DEBUG  ]  Command used: /Users/loictalignani/snakemake-models/shave2/.snakemake/conda/6ce6d4ff60ab104fb5c41a6293cac866/bin/multiqc --quiet --outdir results/00_Quality_Control/multiqc results/00_Quality_Control/fastqc results/00_Quality_Control/fastq-screen --no-ansi
[2022-10-18 11:04:40,293] multiqc                                            [WARNING]  MultiQC Version v1.13 now available!
[2022-10-18 11:04:40,293] multiqc                                            [DEBUG  ]  Command     : /Users/loictalignani/snakemake-models/shave2/.snakemake/conda/6ce6d4ff60ab104fb5c41a6293cac866/bin/multiqc --quiet --outdir results/00_Quality_Control/multiqc results/00_Quality_Control/fastqc results/00_Quality_Control/fastq-screen --no-ansi
[2022-10-18 11:04:40,293] multiqc                                            [DEBUG  ]  Working dir : /Users/loictalignani/snakemake-models/shave2
[2022-10-18 11:04:40,293] multiqc                                            [DEBUG  ]  Template    : default
[2022-10-18 11:04:40,293] multiqc                                            [DEBUG  ]  Running Python 3.10.5 | packaged by conda-forge | (main, Jun 14 2022, 07:03:09) [Clang 13.0.1 ]
[2022-10-18 11:04:40,294] multiqc                                            [DEBUG  ]  Analysing modules: custom_content, ccs, ngsderive, purple, conpair, lima, peddy, somalier, methylQA, mosdepth, phantompeakqualtools, qualimap, preseq, quast, qorts, rna_seqc, rockhopper, rsem, rseqc, busco, bustools, goleft_indexcov, gffcompare, disambiguate, supernova, deeptools, sargasso, verifybamid, mirtrace, happy, mirtop, sambamba, homer, hops, macs2, theta2, snpeff, gatk, htseq, bcftools, featureCounts, fgbio, dragen, dedup, pbmarkdup, damageprofiler, biobambam2, jcvi, mtnucratio, picard, vep, sentieon, prokka, qc3C, nanostat, samblaster, samtools, sexdeterrmine, eigenstratdatabasetools, bamtools, jellyfish, vcftools, longranger, stacks, varscan2, snippy, bbmap, bismark, biscuit, hicexplorer, hicup, hicpro, salmon, kallisto, slamdunk, star, hisat2, tophat, bowtie2, bowtie1, snpsplit, odgi, pangolin, kat, leehom, adapterRemoval, clipandmerge, cutadapt, flexbar, kaiju, kraken, malt, trimmomatic, sickle, skewer, sortmerna, biobloomtools, fastq_screen, afterqc, fastp, fastqc, pychopper, pycoqc, minionqc, multivcfanalyzer, clusterflow, checkqc, bcl2fastq, bclconvert, interop, ivar, flash, seqyclean, optitype, whatshap
[2022-10-18 11:04:40,294] multiqc                                            [DEBUG  ]  Using temporary directory for creating report: /var/folders/d3/l5snwfsj7yb7zrln2fvzwpqr0000gn/T/tmp32qghl89
[2022-10-18 11:04:40,389] multiqc                                            [INFO   ]  Search path : /Users/loictalignani/snakemake-models/shave2/results/00_Quality_Control/fastqc
[2022-10-18 11:04:40,389] multiqc                                            [INFO   ]  Search path : /Users/loictalignani/snakemake-models/shave2/results/00_Quality_Control/fastq-screen
[2022-10-18 11:04:40,407] multiqc                                            [DEBUG  ]  File ignored by ccs/v4 because it exceeded search pattern filesize limit: ERR3343471_R2_fastqc.html
[2022-10-18 11:04:40,407] multiqc                                            [DEBUG  ]  File ignored by hicexplorer because it exceeded search pattern filesize limit: ERR3343471_R2_fastqc.html
[2022-10-18 11:04:40,408] multiqc                                            [DEBUG  ]  File ignored by lima/summary because it exceeded search pattern filesize limit: ERR3343471_R2_fastqc.html
[2022-10-18 11:04:40,409] multiqc                                            [DEBUG  ]  File ignored by vep/vep_txt because it exceeded search pattern filesize limit: ERR3343471_R2_fastqc.html
[2022-10-18 11:04:40,409] multiqc                                            [DEBUG  ]  File ignored by longranger/invocation because it exceeded search pattern filesize limit: ERR3343471_R2_fastqc.html
[2022-10-18 11:04:40,409] multiqc                                            [DEBUG  ]  File ignored by rockhopper because it exceeded search pattern filesize limit: ERR3343471_R2_fastqc.html
[2022-10-18 11:04:40,409] multiqc                                            [DEBUG  ]  File ignored by rseqc/bam_stat because it exceeded search pattern filesize limit: ERR3343471_R2_fastqc.html
[2022-10-18 11:04:40,409] multiqc                                            [DEBUG  ]  File ignored by rseqc/junction_annotation because it exceeded search pattern filesize limit: ERR3343471_R2_fastqc.html
[2022-10-18 11:04:40,409] multiqc                                            [DEBUG  ]  File ignored by rseqc/read_distribution because it exceeded search pattern filesize limit: ERR3343471_R2_fastqc.html
[2022-10-18 11:04:40,409] multiqc                                            [DEBUG  ]  File ignored by rseqc/infer_experiment because it exceeded search pattern filesize limit: ERR3343471_R2_fastqc.html
[2022-10-18 11:04:40,458] multiqc                                            [DEBUG  ]  File ignored by nanostat because it exceeded search pattern filesize limit: ERR3343471_R2_fastqc.html
[2022-10-18 11:04:40,465] multiqc                                            [DEBUG  ]  File ignored by ccs/v4 because it exceeded search pattern filesize limit: ERR3343471_R1_fastqc.html
[2022-10-18 11:04:40,466] multiqc                                            [DEBUG  ]  File ignored by hicexplorer because it exceeded search pattern filesize limit: ERR3343471_R1_fastqc.html
[2022-10-18 11:04:40,466] multiqc                                            [DEBUG  ]  File ignored by lima/summary because it exceeded search pattern filesize limit: ERR3343471_R1_fastqc.html
[2022-10-18 11:04:40,467] multiqc                                            [DEBUG  ]  File ignored by vep/vep_txt because it exceeded search pattern filesize limit: ERR3343471_R1_fastqc.html
[2022-10-18 11:04:40,467] multiqc                                            [DEBUG  ]  File ignored by longranger/invocation because it exceeded search pattern filesize limit: ERR3343471_R1_fastqc.html
[2022-10-18 11:04:40,467] multiqc                                            [DEBUG  ]  File ignored by rockhopper because it exceeded search pattern filesize limit: ERR3343471_R1_fastqc.html
[2022-10-18 11:04:40,467] multiqc                                            [DEBUG  ]  File ignored by rseqc/bam_stat because it exceeded search pattern filesize limit: ERR3343471_R1_fastqc.html
[2022-10-18 11:04:40,467] multiqc                                            [DEBUG  ]  File ignored by rseqc/junction_annotation because it exceeded search pattern filesize limit: ERR3343471_R1_fastqc.html
[2022-10-18 11:04:40,467] multiqc                                            [DEBUG  ]  File ignored by rseqc/read_distribution because it exceeded search pattern filesize limit: ERR3343471_R1_fastqc.html
[2022-10-18 11:04:40,467] multiqc                                            [DEBUG  ]  File ignored by rseqc/infer_experiment because it exceeded search pattern filesize limit: ERR3343471_R1_fastqc.html
[2022-10-18 11:04:40,514] multiqc                                            [DEBUG  ]  File ignored by nanostat because it exceeded search pattern filesize limit: ERR3343471_R1_fastqc.html
[2022-10-18 11:04:40,525] multiqc                                            [DEBUG  ]  File ignored by ccs/v4 because it exceeded search pattern filesize limit: ERR3343471_R1_screen.html
[2022-10-18 11:04:40,525] multiqc                                            [DEBUG  ]  File ignored by hicexplorer because it exceeded search pattern filesize limit: ERR3343471_R1_screen.html
[2022-10-18 11:04:40,525] multiqc                                            [DEBUG  ]  File ignored by lima/summary because it exceeded search pattern filesize limit: ERR3343471_R1_screen.html
[2022-10-18 11:04:40,526] multiqc                                            [DEBUG  ]  File ignored by vep/vep_html because it exceeded search pattern filesize limit: ERR3343471_R1_screen.html
[2022-10-18 11:04:40,526] multiqc                                            [DEBUG  ]  File ignored by vep/vep_txt because it exceeded search pattern filesize limit: ERR3343471_R1_screen.html
[2022-10-18 11:04:40,527] multiqc                                            [DEBUG  ]  File ignored by longranger/invocation because it exceeded search pattern filesize limit: ERR3343471_R1_screen.html
[2022-10-18 11:04:40,527] multiqc                                            [DEBUG  ]  File ignored by rockhopper because it exceeded search pattern filesize limit: ERR3343471_R1_screen.html
[2022-10-18 11:04:40,527] multiqc                                            [DEBUG  ]  File ignored by rseqc/bam_stat because it exceeded search pattern filesize limit: ERR3343471_R1_screen.html
[2022-10-18 11:04:40,527] multiqc                                            [DEBUG  ]  File ignored by rseqc/junction_annotation because it exceeded search pattern filesize limit: ERR3343471_R1_screen.html
[2022-10-18 11:04:40,527] multiqc                                            [DEBUG  ]  File ignored by rseqc/read_distribution because it exceeded search pattern filesize limit: ERR3343471_R1_screen.html
[2022-10-18 11:04:40,527] multiqc                                            [DEBUG  ]  File ignored by rseqc/infer_experiment because it exceeded search pattern filesize limit: ERR3343471_R1_screen.html
[2022-10-18 11:04:40,531] multiqc                                            [DEBUG  ]  File ignored by stacks/sumstats because it exceeded search pattern filesize limit: ERR3343471_R1_screen.html
[2022-10-18 11:04:40,743] multiqc                                            [DEBUG  ]  File ignored by nanostat because it exceeded search pattern filesize limit: ERR3343471_R1_screen.html
[2022-10-18 11:04:40,762] multiqc                                            [DEBUG  ]  File ignored by ccs/v4 because it exceeded search pattern filesize limit: ERR3343471_R2_screen.html
[2022-10-18 11:04:40,763] multiqc                                            [DEBUG  ]  File ignored by hicexplorer because it exceeded search pattern filesize limit: ERR3343471_R2_screen.html
[2022-10-18 11:04:40,763] multiqc                                            [DEBUG  ]  File ignored by lima/summary because it exceeded search pattern filesize limit: ERR3343471_R2_screen.html
[2022-10-18 11:04:40,764] multiqc                                            [DEBUG  ]  File ignored by vep/vep_html because it exceeded search pattern filesize limit: ERR3343471_R2_screen.html
[2022-10-18 11:04:40,764] multiqc                                            [DEBUG  ]  File ignored by vep/vep_txt because it exceeded search pattern filesize limit: ERR3343471_R2_screen.html
[2022-10-18 11:04:40,764] multiqc                                            [DEBUG  ]  File ignored by longranger/invocation because it exceeded search pattern filesize limit: ERR3343471_R2_screen.html
[2022-10-18 11:04:40,764] multiqc                                            [DEBUG  ]  File ignored by rockhopper because it exceeded search pattern filesize limit: ERR3343471_R2_screen.html
[2022-10-18 11:04:40,764] multiqc                                            [DEBUG  ]  File ignored by rseqc/bam_stat because it exceeded search pattern filesize limit: ERR3343471_R2_screen.html
[2022-10-18 11:04:40,764] multiqc                                            [DEBUG  ]  File ignored by rseqc/junction_annotation because it exceeded search pattern filesize limit: ERR3343471_R2_screen.html
[2022-10-18 11:04:40,764] multiqc                                            [DEBUG  ]  File ignored by rseqc/read_distribution because it exceeded search pattern filesize limit: ERR3343471_R2_screen.html
[2022-10-18 11:04:40,764] multiqc                                            [DEBUG  ]  File ignored by rseqc/infer_experiment because it exceeded search pattern filesize limit: ERR3343471_R2_screen.html
[2022-10-18 11:04:40,769] multiqc                                            [DEBUG  ]  File ignored by stacks/sumstats because it exceeded search pattern filesize limit: ERR3343471_R2_screen.html
[2022-10-18 11:04:40,980] multiqc                                            [DEBUG  ]  File ignored by nanostat because it exceeded search pattern filesize limit: ERR3343471_R2_screen.html
[2022-10-18 11:04:41,348] multiqc.plots.bargraph                             [DEBUG  ]  Using matplotlib version 3.5.2
[2022-10-18 11:04:41,357] multiqc.modules.fastq_screen.fastq_screen          [INFO   ]  Found 2 reports
[2022-10-18 11:04:41,359] multiqc.plots.linegraph                            [DEBUG  ]  Using matplotlib version 3.5.2
[2022-10-18 11:04:41,366] multiqc.modules.fastqc.fastqc                      [INFO   ]  Found 2 reports
[2022-10-18 11:04:41,389] multiqc                                            [INFO   ]  Compressing plot data
[2022-10-18 11:04:41,412] multiqc                                            [INFO   ]  Report      : results/00_Quality_Control/multiqc/multiqc_report.html
[2022-10-18 11:04:41,412] multiqc                                            [INFO   ]  Data        : results/00_Quality_Control/multiqc/multiqc_data
[2022-10-18 11:04:41,412] multiqc                                            [DEBUG  ]  Moving data file from '/var/folders/d3/l5snwfsj7yb7zrln2fvzwpqr0000gn/T/tmp32qghl89/multiqc_data' to 'results/00_Quality_Control/multiqc/multiqc_data'
[2022-10-18 11:04:41,466] multiqc                                            [INFO   ]  MultiQC complete
