INFO  22:18:55,022 HelpFormatter - ------------------------------------------------------------------------------------ 
INFO  22:18:55,026 HelpFormatter - The Genome Analysis Toolkit (GATK) v3.8-1-0-gf15c1c3ef, Compiled 2018/02/19 05:43:50 
INFO  22:18:55,027 HelpFormatter - Copyright (c) 2010-2016 The Broad Institute 
INFO  22:18:55,027 HelpFormatter - For support and documentation go to https://software.broadinstitute.org/gatk 
INFO  22:18:55,027 HelpFormatter - [Mon Oct 17 22:18:54 CEST 2022] Executing on Mac OS X 10.16 x86_64 
INFO  22:18:55,027 HelpFormatter - OpenJDK 64-Bit Server VM 1.8.0_332-b09 
INFO  22:18:55,031 HelpFormatter - Program Args: -T RealignerTargetCreator -R resources/genomes/GCA_018104305.1_AalbF3_genomic.fasta -I results/04_Variants/ERR3343471_bwa_10X_indel-qual.bam -o results/04_Variants/realignertargetcreator/ERR3343471_bwa_10X.intervals 
INFO  22:18:55,043 HelpFormatter - Executing as loictalignani@MBP-Loic.local on Mac OS X 10.16 x86_64; OpenJDK 64-Bit Server VM 1.8.0_332-b09. 
INFO  22:18:55,044 HelpFormatter - Date/Time: 2022/10/17 22:18:55 
INFO  22:18:55,045 HelpFormatter - ------------------------------------------------------------------------------------ 
INFO  22:18:55,045 HelpFormatter - ------------------------------------------------------------------------------------ 
INFO  22:18:55,059 NativeLibraryLoader - Loading libgkl_compression.dylib from jar:file:/Users/loictalignani/miniconda3/envs/snakemake/opt/gatk-3.8/GenomeAnalysisTK.jar!/com/intel/gkl/native/libgkl_compression.dylib 
INFO  22:18:55,292 GenomeAnalysisEngine - Deflater: IntelDeflater 
INFO  22:18:55,294 GenomeAnalysisEngine - Inflater: IntelInflater 
INFO  22:18:55,295 GenomeAnalysisEngine - Strictness is SILENT 
INFO  22:18:55,613 GenomeAnalysisEngine - Downsampling Settings: Method: BY_SAMPLE, Target Coverage: 1000 
INFO  22:18:55,622 SAMDataSource$SAMReaders - Initializing SAMRecords in serial 
INFO  22:18:55,740 SAMDataSource$SAMReaders - Done initializing BAM readers: total time 0.12 
INFO  22:18:55,940 GenomeAnalysisEngine - Preparing for traversal over 1 BAM files 
INFO  22:18:55,967 GenomeAnalysisEngine - Done preparing for traversal 
INFO  22:18:55,970 ProgressMeter - [INITIALIZATION COMPLETE; STARTING PROCESSING] 
INFO  22:18:55,971 ProgressMeter -                 | processed |    time |    per 1M |           |   total | remaining 
INFO  22:18:55,973 ProgressMeter -        Location |     sites | elapsed |     sites | completed | runtime |   runtime 
INFO  22:19:26,004 ProgressMeter - JAFDOQ010000486.1:1909161   3.37581663E8    30.0 s       0.0 s       23.3%     2.1 m      98.0 s 
INFO  22:19:56,018 ProgressMeter - JAFDOQ010000011.1:6886077   7.01172349E8    60.0 s       0.0 s       48.3%     2.1 m      64.0 s 
INFO  22:20:26,038 ProgressMeter - JAFDOQ010000349.1:6096949   1.061538225E9    90.0 s       0.0 s       73.2%     2.0 m      32.0 s 
INFO  22:20:56,056 ProgressMeter - JAFDOQ010000234.1:20639205   1.417073106E9   120.0 s       0.0 s       97.7%     2.0 m       2.0 s 
INFO  22:20:58,936 ProgressMeter -            done   1.450641013E9     2.0 m       0.0 s      100.0%     2.0 m       0.0 s 
INFO  22:20:58,937 ProgressMeter - Total runtime 122.97 secs, 2.05 min, 0.03 hours 
INFO  22:20:58,941 MicroScheduler - 159226 reads were filtered out during the traversal out of approximately 263811 total reads (60.36%) 
INFO  22:20:58,944 MicroScheduler -   -> 0 reads (0.00% of total) failing BadCigarFilter 
INFO  22:20:58,945 MicroScheduler -   -> 15531 reads (5.89% of total) failing BadMateFilter 
INFO  22:20:58,946 MicroScheduler -   -> 0 reads (0.00% of total) failing DuplicateReadFilter 
INFO  22:20:58,946 MicroScheduler -   -> 0 reads (0.00% of total) failing FailsVendorQualityCheckFilter 
INFO  22:20:58,946 MicroScheduler -   -> 0 reads (0.00% of total) failing MalformedReadFilter 
INFO  22:20:58,947 MicroScheduler -   -> 0 reads (0.00% of total) failing MappingQualityUnavailableFilter 
INFO  22:20:58,947 MicroScheduler -   -> 142357 reads (53.96% of total) failing MappingQualityZeroFilter 
INFO  22:20:58,947 MicroScheduler -   -> 1338 reads (0.51% of total) failing NotPrimaryAlignmentFilter 
INFO  22:20:58,947 MicroScheduler -   -> 0 reads (0.00% of total) failing Platform454Filter 
INFO  22:20:58,947 MicroScheduler -   -> 0 reads (0.00% of total) failing UnmappedReadFilter 
------------------------------------------------------------------------------------------
Done. There were no warn messages.
------------------------------------------------------------------------------------------
