INFO  08:25:57,464 HelpFormatter - ------------------------------------------------------------------------------------ 
INFO  08:25:57,467 HelpFormatter - The Genome Analysis Toolkit (GATK) v3.8-1-0-gf15c1c3ef, Compiled 2018/02/19 05:43:50 
INFO  08:25:57,467 HelpFormatter - Copyright (c) 2010-2016 The Broad Institute 
INFO  08:25:57,467 HelpFormatter - For support and documentation go to https://software.broadinstitute.org/gatk 
INFO  08:25:57,467 HelpFormatter - [Mon Nov 14 08:25:57 CET 2022] Executing on Mac OS X 10.16 x86_64 
INFO  08:25:57,467 HelpFormatter - OpenJDK 64-Bit Server VM 1.8.0_332-b09 
INFO  08:25:57,470 HelpFormatter - Program Args: -T IndelRealigner -R resources/genomes/GCA_018104305.1_AalbF3_genomic.fasta -targetIntervals results/04_Variants/ERR3343471_bwa_10X.intervals -I results/04_Variants/ERR3343471_bwa_10X_indel-qual.bam -o results/05_Validation/realigned/ERR3343471_bwa_10X_realign.bam 
INFO  08:25:57,481 HelpFormatter - Executing as loictalignani@MBP-Loic.local on Mac OS X 10.16 x86_64; OpenJDK 64-Bit Server VM 1.8.0_332-b09. 
INFO  08:25:57,482 HelpFormatter - Date/Time: 2022/11/14 08:25:57 
INFO  08:25:57,483 HelpFormatter - ------------------------------------------------------------------------------------ 
INFO  08:25:57,483 HelpFormatter - ------------------------------------------------------------------------------------ 
INFO  08:25:57,535 NativeLibraryLoader - Loading libgkl_compression.dylib from jar:file:/Users/loictalignani/snakemake-models/shave/.snakemake/conda/81cef218ed49aea441c04f0caa7519ee/opt/gatk-3.8/GenomeAnalysisTK.jar!/com/intel/gkl/native/libgkl_compression.dylib 
INFO  08:25:57,950 GenomeAnalysisEngine - Deflater: IntelDeflater 
INFO  08:25:57,951 GenomeAnalysisEngine - Inflater: IntelInflater 
INFO  08:25:57,953 GenomeAnalysisEngine - Strictness is SILENT 
INFO  08:25:58,268 GenomeAnalysisEngine - Downsampling Settings: No downsampling 
INFO  08:25:58,276 SAMDataSource$SAMReaders - Initializing SAMRecords in serial 
INFO  08:25:58,354 SAMDataSource$SAMReaders - Done initializing BAM readers: total time 0.08 
INFO  08:25:58,534 GenomeAnalysisEngine - Preparing for traversal over 1 BAM files 
INFO  08:25:58,537 GenomeAnalysisEngine - Done preparing for traversal 
INFO  08:25:58,539 ProgressMeter - [INITIALIZATION COMPLETE; STARTING PROCESSING] 
INFO  08:25:58,540 ProgressMeter -                 | processed |    time |    per 1M |           |   total | remaining 
INFO  08:25:58,542 ProgressMeter -        Location |     reads | elapsed |     reads | completed | runtime |   runtime 
INFO  08:25:58,586 ReadShardBalancer$1 - Loading BAM index data 
INFO  08:25:58,588 ReadShardBalancer$1 - Done loading BAM index data 
INFO  08:26:28,571 ProgressMeter - JAFDOQ010000239.1:3304297    233656.0    30.0 s       2.1 m       93.8%    31.0 s       1.0 s 
INFO  08:26:31,021 ProgressMeter -            done    282123.0    32.0 s     115.0 s      100.0%    32.0 s       0.0 s 
INFO  08:26:31,022 ProgressMeter - Total runtime 32.48 secs, 0.54 min, 0.01 hours 
INFO  08:26:31,028 MicroScheduler - 0 reads were filtered out during the traversal out of approximately 282123 total reads (0.00%) 
INFO  08:26:31,028 MicroScheduler -   -> 0 reads (0.00% of total) failing BadCigarFilter 
INFO  08:26:31,028 MicroScheduler -   -> 0 reads (0.00% of total) failing MalformedReadFilter 
------------------------------------------------------------------------------------------
Done. There were no warn messages.
------------------------------------------------------------------------------------------
