                        Brand(R) | Type(R) | Model | @ Speed GHz
Chip Model Name _______ Apple M1 Pro
Physical CPUs _________ 10 cores
Logical CPUs __________ 10 threads
System Memory _________ 32 Gb of RAM
Working Directory _____ /Users/loictalignani/snakemake-models/shave/
Samples Processed _____ 1 samples (2 fastq files)
Maximum Threads _______ 10 of 10 threads available
Maximum Memory ________ 16 of 32 Gb available
Genome Reference ______ 
Aligner _______________ 
Min. Coverage _________ 10
Min. Allele Frequency _ 0.1
Start Time ____________ 2023-01-05 22:09
                        Brand(R) | Type(R) | Model | @ Speed GHz
Chip Model Name _______ Apple M1 Pro
Physical CPUs _________ 10 cores
Logical CPUs __________ 10 threads
System Memory _________ 32 Gb of RAM
Working Directory _____ /Users/loictalignani/snakemake-models/shave/
Samples Processed _____ 1 samples (2 fastq files)
Maximum Threads _______ 10 of 10 threads available
Maximum Memory ________ 16 of 32 Gb available
Genome Reference ______ 
Aligner _______________ 
Min. Coverage _________ 10
Min. Allele Frequency _ 0.1
Start Time ____________ 2023-01-05 22:34
                        Brand(R) | Type(R) | Model | @ Speed GHz
Chip Model Name _______ Apple M1 Pro
Physical CPUs _________ 10 cores
Logical CPUs __________ 10 threads
System Memory _________ 32 Gb of RAM
Working Directory _____ /Users/loictalignani/snakemake-models/shave/
Samples Processed _____ 1 samples (2 fastq files)
Maximum Threads _______ 10 of 10 threads available
Maximum Memory ________ 16 of 32 Gb available
Genome Reference ______ 
Aligner _______________ 
Min. Coverage _________ 10
Min. Allele Frequency _ 0.1
Start Time ____________ 2023-01-05 22:36
                        Brand(R) | Type(R) | Model | @ Speed GHz
Chip Model Name _______ Apple M1 Pro
Physical CPUs _________ 10 cores
Logical CPUs __________ 10 threads
System Memory _________ 32 Gb of RAM
Working Directory _____ /Users/loictalignani/snakemake-models/shave/
Samples Processed _____ 1 samples (2 fastq files)
Maximum Threads _______ 10 of 10 threads available
Maximum Memory ________ 16 of 32 Gb available
Genome Reference ______ 
Aligner _______________ 
Min. Coverage _________ 10
Min. Allele Frequency _ 0.1
Start Time ____________ 2023-01-05 22:42
                        Brand(R) | Type(R) | Model | @ Speed GHz
Chip Model Name _______ Apple M1 Pro
Physical CPUs _________ 10 cores
Logical CPUs __________ 10 threads
System Memory _________ 32 Gb of RAM
Working Directory _____ /Users/loictalignani/snakemake-models/shave/
Samples Processed _____ 1 samples (2 fastq files)
Maximum Threads _______ 10 of 10 threads available
Maximum Memory ________ 16 of 32 Gb available
Genome Reference ______ 
Aligner _______________ 
Min. Coverage _________ 10
Min. Allele Frequency _ 0.1
Start Time ____________ 2023-01-05 22:43
                        Brand(R) | Type(R) | Model | @ Speed GHz
Chip Model Name _______ Apple M1 Pro
Physical CPUs _________ 10 cores
Logical CPUs __________ 10 threads
System Memory _________ 32 Gb of RAM
Working Directory _____ /Users/loictalignani/snakemake-models/shave/
Samples Processed _____ 1 samples (2 fastq files)
Maximum Threads _______ 10 of 10 threads available
Maximum Memory ________ 16 of 32 Gb available
Genome Reference ______ 
Aligner _______________ 
Min. Coverage _________ 10
Min. Allele Frequency _ 0.1
Start Time ____________ 2023-01-05 22:47
                        Brand(R) | Type(R) | Model | @ Speed GHz
Chip Model Name _______ Apple M1 Pro
Physical CPUs _________ 10 cores
Logical CPUs __________ 10 threads
System Memory _________ 32 Gb of RAM
Working Directory _____ /Users/loictalignani/snakemake-models/shave/
Samples Processed _____ 1 samples (2 fastq files)
Maximum Threads _______ 10 of 10 threads available
Maximum Memory ________ 16 of 32 Gb available
Genome Reference ______ 
Aligner _______________ 
Min. Coverage _________ 10
Min. Allele Frequency _ 0.1
Start Time ____________ 2023-01-05 22:49
                        Brand(R) | Type(R) | Model | @ Speed GHz
Chip Model Name _______ Apple M1 Pro
Physical CPUs _________ 10 cores
Logical CPUs __________ 10 threads
System Memory _________ 32 Gb of RAM
Working Directory _____ /Users/loictalignani/snakemake-models/shave/
Samples Processed _____ 1 samples (2 fastq files)
Maximum Threads _______ 10 of 10 threads available
Maximum Memory ________ 16 of 32 Gb available
Genome Reference ______ 
Aligner _______________ 
Min. Coverage _________ 10
Min. Allele Frequency _ 0.1
Start Time ____________ 2023-01-05 22:52
