[2023-01-20 09:25:35,809] multiqc                                            [DEBUG  ]  This is MultiQC v1.14 (d4972fe)
[2023-01-20 09:25:35,809] multiqc                                            [DEBUG  ]  Command used: /Users/loictalignani/snakemake-models/shave/.snakemake/conda/22ce0f9b86dd5967fd3fa6a55db6088d/bin/multiqc --outdir results/00_Quality_Control/multiqc results/00_Quality_Control/fastqc results/00_Quality_Control/fastq-screen results/00_Quality_Control/qualimap/multisampleBamQcReport.html --no-ansi
[2023-01-20 09:25:36,052] multiqc                                            [DEBUG  ]  Latest MultiQC version is v1.14
[2023-01-20 09:25:36,052] multiqc                                            [DEBUG  ]  Working dir : /Users/loictalignani/snakemake-models/shave
[2023-01-20 09:25:36,052] multiqc                                            [DEBUG  ]  Template    : default
[2023-01-20 09:25:36,052] multiqc                                            [DEBUG  ]  Running Python 3.11.0 | packaged by conda-forge | (main, Jan 15 2023, 05:44:48) [Clang 14.0.6 ]
[2023-01-20 09:25:36,053] multiqc                                            [DEBUG  ]  Analysing modules: custom_content, ccs, ngsderive, purple, conpair, lima, peddy, somalier, methylQA, mosdepth, phantompeakqualtools, qualimap, preseq, hifiasm, quast, qorts, rna_seqc, rockhopper, rsem, rseqc, busco, bustools, goleft_indexcov, gffcompare, disambiguate, supernova, deeptools, sargasso, verifybamid, mirtrace, happy, mirtop, sambamba, gopeaks, homer, hops, macs2, theta2, snpeff, gatk, htseq, bcftools, featureCounts, fgbio, dragen, dragen_fastqc, dedup, pbmarkdup, damageprofiler, biobambam2, jcvi, mtnucratio, picard, vep, sentieon, prokka, qc3C, nanostat, samblaster, samtools, sexdeterrmine, eigenstratdatabasetools, bamtools, jellyfish, vcftools, longranger, stacks, varscan2, snippy, umitools, bbmap, bismark, biscuit, diamond, hicexplorer, hicup, hicpro, salmon, kallisto, slamdunk, star, hisat2, tophat, bowtie2, bowtie1, cellranger, snpsplit, odgi, pangolin, nextclade, humid, kat, leehom, adapterRemoval, bbduk, clipandmerge, cutadapt, flexbar, kaiju, kraken, malt, motus, trimmomatic, sickle, skewer, sortmerna, biobloomtools, fastq_screen, afterqc, fastp, fastqc, filtlong, prinseqplusplus, pychopper, porechop, pycoqc, minionqc, anglerfish, multivcfanalyzer, clusterflow, checkqc, bcl2fastq, bclconvert, interop, ivar, flash, seqyclean, optitype, whatshap
[2023-01-20 09:25:36,053] multiqc                                            [DEBUG  ]  Using temporary directory for creating report: /var/folders/d3/l5snwfsj7yb7zrln2fvzwpqr0000gn/T/tmptwo8fxs8
[2023-01-20 09:25:36,175] multiqc                                            [INFO   ]  Search path : /Users/loictalignani/snakemake-models/shave/results/00_Quality_Control/fastqc
[2023-01-20 09:25:36,175] multiqc                                            [INFO   ]  Search path : /Users/loictalignani/snakemake-models/shave/results/00_Quality_Control/fastq-screen
[2023-01-20 09:25:36,175] multiqc                                            [INFO   ]  Search path : /Users/loictalignani/snakemake-models/shave/results/00_Quality_Control/qualimap/multisampleBamQcReport.html
[2023-01-20 09:25:37,973] multiqc                                            [DEBUG  ]  Summary of files that were skipped by the search: [skipped_module_specific_max_filesize: 149] // [skipped_no_match: 19]
[2023-01-20 09:25:38,906] multiqc.plots.bargraph                             [DEBUG  ]  Using matplotlib version 3.6.3
[2023-01-20 09:25:38,906] multiqc.plots.linegraph                            [DEBUG  ]  Using matplotlib version 3.6.3
[2023-01-20 09:25:38,907] multiqc                                            [DEBUG  ]  No samples found: custom_content
[2023-01-20 09:25:38,912] multiqc.modules.fastq_screen.fastq_screen          [INFO   ]  Found 6 reports
[2023-01-20 09:25:39,399] multiqc.modules.fastqc.fastqc                      [INFO   ]  Found 6 reports
[2023-01-20 09:25:39,496] multiqc                                            [INFO   ]  Compressing plot data
[2023-01-20 09:25:39,551] multiqc                                            [INFO   ]  Report      : results/00_Quality_Control/multiqc/multiqc_report.html
[2023-01-20 09:25:39,552] multiqc                                            [INFO   ]  Data        : results/00_Quality_Control/multiqc/multiqc_data
[2023-01-20 09:25:39,552] multiqc                                            [DEBUG  ]  Moving data file from '/var/folders/d3/l5snwfsj7yb7zrln2fvzwpqr0000gn/T/tmptwo8fxs8/multiqc_data' to 'results/00_Quality_Control/multiqc/multiqc_data'
[2023-01-20 09:25:39,634] multiqc                                            [INFO   ]  MultiQC complete
